{
  "stats": {
    "suites": 1,
    "tests": 4,
    "passes": 4,
    "pending": 0,
    "failures": 0,
    "start": "2025-03-28T15:49:28.626Z",
    "end": "2025-03-28T15:49:52.639Z",
    "duration": 24013,
    "testsRegistered": 4,
    "passPercent": 100,
    "pendingPercent": 0,
    "other": 0,
    "hasOther": false,
    "skipped": 0,
    "hasSkipped": false
  },
  "results": [
    {
      "uuid": "5aeda587-8b39-4a4a-b532-7e2ff338f3dd",
      "title": "",
      "fullFile": "cypress\\integration\\tests\\loginTest.cy.js",
      "file": "cypress\\integration\\tests\\loginTest.cy.js",
      "beforeHooks": [],
      "afterHooks": [],
      "tests": [],
      "suites": [
        {
          "uuid": "dc4fbf58-ec9f-4a75-a840-26cf6d0ec77a",
          "title": "User Login Tests",
          "fullFile": "",
          "file": "",
          "beforeHooks": [],
          "afterHooks": [],
          "tests": [
            {
              "title": "Should log in successfully with valid credentials",
              "fullTitle": "User Login Tests Should log in successfully with valid credentials",
              "timedOut": null,
              "duration": 7951,
              "state": "passed",
              "speed": "medium",
              "pass": true,
              "fail": false,
              "pending": false,
              "context": null,
              "code": "cy.login(this.userData.validUser.username, this.userData.validUser.password);\ncy.get(_locators.default.loginPage.welcomeText).should(\"contain\", this.expected.expectedLoginText.welcomeText);",
              "err": {},
              "uuid": "374fd723-eb44-495c-941c-1d756cafbfab",
              "parentUUID": "dc4fbf58-ec9f-4a75-a840-26cf6d0ec77a",
              "isHook": false,
              "skipped": false
            },
            {
              "title": "Should fail to log in with invalid credentials",
              "fullTitle": "User Login Tests Should fail to log in with invalid credentials",
              "timedOut": null,
              "duration": 4821,
              "state": "passed",
              "speed": "fast",
              "pass": true,
              "fail": false,
              "pending": false,
              "context": null,
              "code": "cy.login(this.userData.invalidUser.username, this.userData.invalidUser.password);\ncy.on(\"window:alert\", str => {\n  expect(str).to.equal(this.expected.expectedLoginText.noUser);\n});",
              "err": {},
              "uuid": "3dfa8fa0-5f04-4dd7-94ce-f14b42f07474",
              "parentUUID": "dc4fbf58-ec9f-4a75-a840-26cf6d0ec77a",
              "isHook": false,
              "skipped": false
            },
            {
              "title": "Should fail to log in with invalid password",
              "fullTitle": "User Login Tests Should fail to log in with invalid password",
              "timedOut": null,
              "duration": 5928,
              "state": "passed",
              "speed": "medium",
              "pass": true,
              "fail": false,
              "pending": false,
              "context": null,
              "code": "cy.login(this.userData.validUser.username, this.userData.invalidUser.password);\ncy.on(\"window:alert\", str => {\n  expect(str).to.equal(this.expected.expectedLoginText.wrongPass);\n});",
              "err": {},
              "uuid": "add5fb3e-56da-4f10-923b-d6a19c7bf4fe",
              "parentUUID": "dc4fbf58-ec9f-4a75-a840-26cf6d0ec77a",
              "isHook": false,
              "skipped": false
            },
            {
              "title": "Should fail to log in when no credentials are entered",
              "fullTitle": "User Login Tests Should fail to log in when no credentials are entered",
              "timedOut": null,
              "duration": 5027,
              "state": "passed",
              "speed": "medium",
              "pass": true,
              "fail": false,
              "pending": false,
              "context": null,
              "code": "cy.visit(\"/\");\ncy.get(_locators.default.loginPage.loginButton).should(\"be.visible\").click();\ncy.get(_locators.default.loginPage.loginModal).should(\"be.visible\");\ncy.get(_locators.default.loginPage.usernameInput).should(\"be.visible\").type(this.userData.validUser.username).clear();\ncy.get(_locators.default.loginPage.passwordInput).should(\"be.visible\").type(this.userData.validUser.password).clear();\ncy.get(_locators.default.loginPage.submitButton).should(\"be.visible\").click();\ncy.on(\"window:alert\", str => {\n  expect(str).to.equal(this.expected.expectedLoginText.blankTextErrorPass);\n});",
              "err": {},
              "uuid": "206d66aa-e86b-412f-9157-fd3529191971",
              "parentUUID": "dc4fbf58-ec9f-4a75-a840-26cf6d0ec77a",
              "isHook": false,
              "skipped": false
            }
          ],
          "suites": [],
          "passes": [
            "374fd723-eb44-495c-941c-1d756cafbfab",
            "3dfa8fa0-5f04-4dd7-94ce-f14b42f07474",
            "add5fb3e-56da-4f10-923b-d6a19c7bf4fe",
            "206d66aa-e86b-412f-9157-fd3529191971"
          ],
          "failures": [],
          "pending": [],
          "skipped": [],
          "duration": 23727,
          "root": false,
          "rootEmpty": false,
          "_timeout": 2000
        }
      ],
      "passes": [],
      "failures": [],
      "pending": [],
      "skipped": [],
      "duration": 0,
      "root": true,
      "rootEmpty": true,
      "_timeout": 2000
    }
  ],
  "meta": {
    "mocha": {
      "version": "7.0.1"
    },
    "mochawesome": {
      "options": {
        "quiet": false,
        "reportFilename": "mochawesome",
        "saveHtml": true,
        "saveJson": true,
        "consoleReporter": "spec",
        "useInlineDiffs": false,
        "code": true
      },
      "version": "7.1.3"
    },
    "marge": {
      "options": {
        "reportDir": "cypress/reports",
        "overwrite": false,
        "html": true,
        "json": true
      },
      "version": "6.2.0"
    }
  }
}