{
  "stats": {
    "suites": 1,
    "tests": 1,
    "passes": 1,
    "pending": 0,
    "failures": 0,
    "start": "2025-03-28T15:49:17.526Z",
    "end": "2025-03-28T15:49:24.971Z",
    "duration": 7445,
    "testsRegistered": 1,
    "passPercent": 100,
    "pendingPercent": 0,
    "other": 0,
    "hasOther": false,
    "skipped": 0,
    "hasSkipped": false
  },
  "results": [
    {
      "uuid": "fdaf2b49-1acd-4d30-9fcb-055b5e258fdb",
      "title": "",
      "fullFile": "cypress\\integration\\tests\\contactTest.cy.js",
      "file": "cypress\\integration\\tests\\contactTest.cy.js",
      "beforeHooks": [],
      "afterHooks": [],
      "tests": [],
      "suites": [
        {
          "uuid": "434264ae-7d63-4af2-a276-143648fd99b3",
          "title": "Contact Page Tests",
          "fullFile": "",
          "file": "",
          "beforeHooks": [],
          "afterHooks": [],
          "tests": [
            {
              "title": "Should send a contact message successfully",
              "fullTitle": "Contact Page Tests Should send a contact message successfully",
              "timedOut": null,
              "duration": 7381,
              "state": "passed",
              "speed": "medium",
              "pass": true,
              "fail": false,
              "pending": false,
              "context": null,
              "code": "cy.get(_locators.default.contactPage.contactButton).should(\"be.visible\").click();\ncy.get(_locators.default.contactPage.contactModal).should(\"be.visible\");\ncy.get(_locators.default.contactPage.contactEmail).should(\"be.visible\").type(this.contactData.email);\ncy.get(_locators.default.contactPage.contactName).should(\"be.visible\").type(this.contactData.name);\ncy.get(_locators.default.contactPage.contactMessage).should(\"be.visible\").type(this.contactData.message);\ncy.get(_locators.default.contactPage.sendMessageButton).click();\ncy.on(_locators.default.contactPage.successAlert, str => {\n  expect(str).to.contains(this.expected.expectedContactText.successMessage);\n});",
              "err": {},
              "uuid": "d46fa025-4dc4-42a6-a89e-9c9a501dcdab",
              "parentUUID": "434264ae-7d63-4af2-a276-143648fd99b3",
              "isHook": false,
              "skipped": false
            }
          ],
          "suites": [],
          "passes": [
            "d46fa025-4dc4-42a6-a89e-9c9a501dcdab"
          ],
          "failures": [],
          "pending": [],
          "skipped": [],
          "duration": 7381,
          "root": false,
          "rootEmpty": false,
          "_timeout": 2000
        }
      ],
      "passes": [],
      "failures": [],
      "pending": [],
      "skipped": [],
      "duration": 0,
      "root": true,
      "rootEmpty": true,
      "_timeout": 2000
    }
  ],
  "meta": {
    "mocha": {
      "version": "7.0.1"
    },
    "mochawesome": {
      "options": {
        "quiet": false,
        "reportFilename": "mochawesome",
        "saveHtml": true,
        "saveJson": true,
        "consoleReporter": "spec",
        "useInlineDiffs": false,
        "code": true
      },
      "version": "7.1.3"
    },
    "marge": {
      "options": {
        "reportDir": "cypress/reports",
        "overwrite": false,
        "html": true,
        "json": true
      },
      "version": "6.2.0"
    }
  }
}