{
  "stats": {
    "suites": 1,
    "tests": 2,
    "passes": 2,
    "pending": 0,
    "failures": 0,
    "start": "2025-03-28T15:48:37.087Z",
    "end": "2025-03-28T15:48:56.866Z",
    "duration": 19779,
    "testsRegistered": 2,
    "passPercent": 100,
    "pendingPercent": 0,
    "other": 0,
    "hasOther": false,
    "skipped": 0,
    "hasSkipped": false
  },
  "results": [
    {
      "uuid": "df614aab-46b6-41e7-9029-fc2e24c575df",
      "title": "",
      "fullFile": "cypress\\integration\\tests\\cartTest.cy.js",
      "file": "cypress\\integration\\tests\\cartTest.cy.js",
      "beforeHooks": [],
      "afterHooks": [],
      "tests": [],
      "suites": [
        {
          "uuid": "244b5654-4e0b-4a72-8acf-a1cc27305db5",
          "title": "E-Commerce Cart Tests",
          "fullFile": "",
          "file": "",
          "beforeHooks": [],
          "afterHooks": [],
          "tests": [
            {
              "title": "Should add a product to the cart",
              "fullTitle": "E-Commerce Cart Tests Should add a product to the cart",
              "timedOut": null,
              "duration": 11046,
              "state": "passed",
              "speed": "slow",
              "pass": true,
              "fail": false,
              "pending": false,
              "context": null,
              "code": "_homePage.default.openProduct(this.product.products[0].name);\n_productPage.default.addToCart();\n_cartPage.default.openCart();\n_cartPage.default.verifyProductInCart(this.product.products[0].name);",
              "err": {},
              "uuid": "e7ae1b39-c3f8-4c9c-a049-02d3ca8aaeba",
              "parentUUID": "244b5654-4e0b-4a72-8acf-a1cc27305db5",
              "isHook": false,
              "skipped": false
            },
            {
              "title": "Should remove product from the cart after increasing quantity",
              "fullTitle": "E-Commerce Cart Tests Should remove product from the cart after increasing quantity",
              "timedOut": null,
              "duration": 8580,
              "state": "passed",
              "speed": "medium",
              "pass": true,
              "fail": false,
              "pending": false,
              "context": null,
              "code": "_homePage.default.openProduct(this.product.products[0].name);\n_productPage.default.addToCart();\n_cartPage.default.openCart();\n_cartPage.default.removeProduct(this.product.products[0].name);\n_cartPage.default.verifyProductRemoved(this.product.products[0].name);",
              "err": {},
              "uuid": "e1bbd896-3412-4719-b205-33ea4a87040f",
              "parentUUID": "244b5654-4e0b-4a72-8acf-a1cc27305db5",
              "isHook": false,
              "skipped": false
            }
          ],
          "suites": [],
          "passes": [
            "e7ae1b39-c3f8-4c9c-a049-02d3ca8aaeba",
            "e1bbd896-3412-4719-b205-33ea4a87040f"
          ],
          "failures": [],
          "pending": [],
          "skipped": [],
          "duration": 19626,
          "root": false,
          "rootEmpty": false,
          "_timeout": 2000
        }
      ],
      "passes": [],
      "failures": [],
      "pending": [],
      "skipped": [],
      "duration": 0,
      "root": true,
      "rootEmpty": true,
      "_timeout": 2000
    }
  ],
  "meta": {
    "mocha": {
      "version": "7.0.1"
    },
    "mochawesome": {
      "options": {
        "quiet": false,
        "reportFilename": "mochawesome",
        "saveHtml": true,
        "saveJson": true,
        "consoleReporter": "spec",
        "useInlineDiffs": false,
        "code": true
      },
      "version": "7.1.3"
    },
    "marge": {
      "options": {
        "reportDir": "cypress/reports",
        "overwrite": false,
        "html": true,
        "json": true
      },
      "version": "6.2.0"
    }
  }
}